# JRE version: OpenJDK Runtime Environment AdoptOpenJDK (11.0.10+9) (build 11.0.10+9)
# Java VM: OpenJDK 64-Bit Server VM AdoptOpenJDK (11.0.10+9, mixed mode, tiered, compressed oops, g1 gc, windows-amd64)
Heap:
 garbage-first heap   total 152576K, used 59067K [0x0000000084000000, 0x0000000100000000)
  region size 1024K, 51 young (52224K), 6 survivors (6144K)
 Metaspace       used 49380K, capacity 50679K, committed 50816K, reserved 1093632K
  class space    used 5901K, capacity 6434K, committed 6528K, reserved 1048576K
GC Heap History (12 events):
Event: 0.526 GC heap before
{Heap before GC invocations=0 (full 0):
 garbage-first heap   total 126976K, used 13312K [0x0000000084000000, 0x0000000100000000)
  region size 1024K, 14 young (14336K), 0 survivors (0K)
 Metaspace       used 9472K, capacity 9673K, committed 9984K, reserved 1058816K
  class space    used 854K, capacity 911K, committed 1024K, reserved 1048576K
}
Event: 0.535 GC heap after
{Heap after GC invocations=1 (full 0):
 garbage-first heap   total 126976K, used 4446K [0x0000000084000000, 0x0000000100000000)
  region size 1024K, 2 young (2048K), 2 survivors (2048K)
 Metaspace       used 9472K, capacity 9673K, committed 9984K, reserved 1058816K
  class space    used 854K, capacity 911K, committed 1024K, reserved 1048576K
}
Event: 1.566 GC heap before
{Heap before GC invocations=1 (full 0):
 garbage-first heap   total 126976K, used 57694K [0x0000000084000000, 0x0000000100000000)
  region size 1024K, 56 young (57344K), 2 survivors (2048K)
 Metaspace       used 20617K, capacity 21102K, committed 21248K, reserved 1069056K
  class space    used 2289K, capacity 2477K, committed 2560K, reserved 1048576K
}
Event: 1.577 GC heap after
{Heap after GC invocations=2 (full 0):
 garbage-first heap   total 126976K, used 7297K [0x0000000084000000, 0x0000000100000000)
  region size 1024K, 5 young (5120K), 5 survivors (5120K)
 Metaspace       used 20617K, capacity 21102K, committed 21248K, reserved 1069056K
  class space    used 2289K, capacity 2477K, committed 2560K, reserved 1048576K
}
Event: 1.865 GC heap before
{Heap before GC invocations=3 (full 0):
 garbage-first heap   total 126976K, used 28801K [0x0000000084000000, 0x0000000100000000)
  region size 1024K, 27 young (27648K), 5 survivors (5120K)
 Metaspace       used 23942K, capacity 24545K, committed 24576K, reserved 1071104K
  class space    used 2807K, capacity 3050K, committed 3072K, reserved 1048576K
}
Event: 1.875 GC heap after
{Heap after GC invocations=4 (full 0):
 garbage-first heap   total 126976K, used 8415K [0x0000000084000000, 0x0000000100000000)
  region size 1024K, 2 young (2048K), 2 survivors (2048K)
 Metaspace       used 23942K, capacity 24545K, committed 24576K, reserved 1071104K
  class space    used 2807K, capacity 3050K, committed 3072K, reserved 1048576K
}
Event: 2.678 GC heap before
{Heap before GC invocations=4 (full 0):
 garbage-first heap   total 126976K, used 64735K [0x0000000084000000, 0x0000000100000000)
  region size 1024K, 57 young (58368K), 2 survivors (2048K)
 Metaspace       used 30254K, capacity 30920K, committed 30976K, reserved 1077248K
  class space    used 3540K, capacity 3809K, committed 3840K, reserved 1048576K
}
Event: 2.682 GC heap after
{Heap after GC invocations=5 (full 0):
 garbage-first heap   total 126976K, used 10087K [0x0000000084000000, 0x0000000100000000)
  region size 1024K, 3 young (3072K), 3 survivors (3072K)
 Metaspace       used 30254K, capacity 30920K, committed 30976K, reserved 1077248K
  class space    used 3540K, capacity 3809K, committed 3840K, reserved 1048576K
}
Event: 3.507 GC heap before
{Heap before GC invocations=5 (full 0):
 garbage-first heap   total 126976K, used 45927K [0x0000000084000000, 0x0000000100000000)
  region size 1024K, 39 young (39936K), 3 survivors (3072K)
 Metaspace       used 34786K, capacity 35767K, committed 35840K, reserved 1081344K
  class space    used 4164K, capacity 4566K, committed 4608K, reserved 1048576K
}
Event: 3.516 GC heap after
{Heap after GC invocations=6 (full 0):
 garbage-first heap   total 126976K, used 12405K [0x0000000084000000, 0x0000000100000000)
  region size 1024K, 6 young (6144K), 6 survivors (6144K)
 Metaspace       used 34786K, capacity 35767K, committed 35840K, reserved 1081344K
  class space    used 4164K, capacity 4566K, committed 4608K, reserved 1048576K
}
Event: 4.694 GC heap before
{Heap before GC invocations=7 (full 0):
 garbage-first heap   total 126976K, used 71797K [0x0000000084000000, 0x0000000100000000)
  region size 1024K, 64 young (65536K), 6 survivors (6144K)
 Metaspace       used 42651K, capacity 43863K, committed 44032K, reserved 1087488K
  class space    used 5113K, capacity 5598K, committed 5632K, reserved 1048576K
}
Event: 4.707 GC heap after
{Heap after GC invocations=8 (full 0):
 garbage-first heap   total 152576K, used 15035K [0x0000000084000000, 0x0000000100000000)
  region size 1024K, 6 young (6144K), 6 survivors (6144K)
 Metaspace       used 42651K, capacity 43863K, committed 44032K, reserved 1087488K
  class space    used 5113K, capacity 5598K, committed 5632K, reserved 1048576K
}

